0 info it worked if it ends with ok
1 verbose cli [ '/usr/bin/nodejs',
1 verbose cli   '/usr/bin/npm',
1 verbose cli   'install',
1 verbose cli   'dotenv',
1 verbose cli   '--save' ]
2 info using npm@1.3.10
3 info using node@v0.10.25
4 verbose cache add [ 'dotenv', null ]
5 verbose cache add name=undefined spec="dotenv" args=["dotenv",null]
6 verbose parsed url { protocol: null,
6 verbose parsed url   slashes: null,
6 verbose parsed url   auth: null,
6 verbose parsed url   host: null,
6 verbose parsed url   port: null,
6 verbose parsed url   hostname: null,
6 verbose parsed url   hash: null,
6 verbose parsed url   search: null,
6 verbose parsed url   query: null,
6 verbose parsed url   pathname: 'dotenv',
6 verbose parsed url   path: 'dotenv',
6 verbose parsed url   href: 'dotenv' }
7 silly lockFile 4de95cba-dotenv dotenv
8 verbose lock dotenv /home/vagrant/.npm/4de95cba-dotenv.lock
9 silly lockFile 4de95cba-dotenv dotenv
10 silly lockFile 4de95cba-dotenv dotenv
11 verbose addNamed [ 'dotenv', '' ]
12 verbose addNamed [ null, '*' ]
13 silly lockFile 5104247f-dotenv dotenv@
14 verbose lock dotenv@ /home/vagrant/.npm/5104247f-dotenv.lock
15 silly addNameRange { name: 'dotenv', range: '*', hasData: false }
16 verbose url raw dotenv
17 verbose url resolving [ 'https://registry.npmjs.org/', './dotenv' ]
18 verbose url resolved https://registry.npmjs.org/dotenv
19 info trying registry request attempt 1 at 20:47:55
20 http GET https://registry.npmjs.org/dotenv
21 info retry will retry, error on last attempt: Error: CERT_UNTRUSTED
22 info trying registry request attempt 2 at 20:48:05
23 http GET https://registry.npmjs.org/dotenv
24 info retry will retry, error on last attempt: Error: CERT_UNTRUSTED
25 info trying registry request attempt 3 at 20:49:05
26 http GET https://registry.npmjs.org/dotenv
27 silly lockFile 5104247f-dotenv dotenv@
28 silly lockFile 5104247f-dotenv dotenv@
29 error Error: CERT_UNTRUSTED
29 error     at SecurePair.<anonymous> (tls.js:1370:32)
29 error     at SecurePair.EventEmitter.emit (events.js:92:17)
29 error     at SecurePair.maybeInitFinished (tls.js:982:10)
29 error     at CleartextStream.read [as _read] (tls.js:469:13)
29 error     at CleartextStream.Readable.read (_stream_readable.js:320:10)
29 error     at EncryptedStream.write [as _write] (tls.js:366:25)
29 error     at doWrite (_stream_writable.js:223:10)
29 error     at writeOrBuffer (_stream_writable.js:213:5)
29 error     at EncryptedStream.Writable.write (_stream_writable.js:180:11)
29 error     at write (_stream_readable.js:583:24)
30 error If you need help, you may report this log at:
30 error     <http://github.com/isaacs/npm/issues>
30 error or email it to:
30 error     <npm-@googlegroups.com>
31 error System Linux 3.13.0-143-generic
32 error command "/usr/bin/nodejs" "/usr/bin/npm" "install" "dotenv" "--save"
33 error cwd /home/vagrant/git_project/stockpredict
34 error node -v v0.10.25
35 error npm -v 1.3.10
36 verbose exit [ 1, true ]
